{"message":"/tnt/userAccessData/sahitya.sanagapati@in.ibm.com","level":"info"}
{"message":"/tnt/userFunctionalityList/sahitya.sanagapati@in.ibm.com","level":"info"}
{"message":"/tnt/userTransitionAccessList/sahitya.sanagapati@in.ibm.com","level":"info"}
{"message":"##################### NEW FUNCTIONALITY STARTED ###################### ","level":"info"}
{"message":"{\"FUNC_NAME\":\"consentScreen\" ,\"USER_NAME\": \"SAHITYA%20SANAGAPATI\" ,\"USER_ID\": \"4\" ,\"USER_EMAIL\": \"sahitya.sanagapati@in.ibm.com\" ,\"ROUTER_LINK\":\"ConsentFormComponent\" ,\"IP_ADDRESS\":\"::1\" ,\"TIME_STAMP\":\"12:01:57 PM\" ,\"DAY\":\"17-7-2020\" }","level":"info"}
{"message":"##################### NEW FUNCTIONALITY STARTED ###################### ","level":"info"}
{"message":"{\"FUNC_NAME\":\"ManageActiveTransitions\" ,\"USER_NAME\": \"SAHITYA%20SANAGAPATI\" ,\"USER_ID\": \"4\" ,\"USER_EMAIL\": \"sahitya.sanagapati@in.ibm.com\" ,\"ROUTER_LINK\":\"ManageActiveTransitionsComponent\" ,\"IP_ADDRESS\":\"::1\" ,\"TIME_STAMP\":\"12:01:58 PM\" ,\"DAY\":\"17-7-2020\" }","level":"info"}
{"message":"##################### NEW FUNCTIONALITY STARTED ###################### ","level":"info"}
{"message":"{\"FUNC_NAME\":\"\" ,\"USER_NAME\": \"SAHITYA%20SANAGAPATI\" ,\"USER_ID\": \"4\" ,\"USER_EMAIL\": \"sahitya.sanagapati@in.ibm.com\" ,\"ROUTER_LINK\":\"Reports\" ,\"IP_ADDRESS\":\"::1\" ,\"TIME_STAMP\":\"12:01:58 PM\" ,\"DAY\":\"17-7-2020\" }","level":"info"}
{"message":"##################### NEW FUNCTIONALITY STARTED ###################### ","level":"info"}
{"message":"{\"FUNC_NAME\":\"New Transition\" ,\"USER_NAME\": \"SAHITYA%20SANAGAPATI\" ,\"USER_ID\": \"4\" ,\"USER_EMAIL\": \"sahitya.sanagapati@in.ibm.com\" ,\"ROUTER_LINK\":\"NewExecutionComponent\" ,\"IP_ADDRESS\":\"::1\" ,\"TIME_STAMP\":\"12:02:25 PM\" ,\"DAY\":\"17-7-2020\" }","level":"info"}
{"message":"##################### NEW FUNCTIONALITY STARTED ###################### ","level":"info"}
{"message":"{\"FUNC_NAME\":\"ManageActiveTransitions\" ,\"USER_NAME\": \"SAHITYA%20SANAGAPATI\" ,\"USER_ID\": \"4\" ,\"USER_EMAIL\": \"sahitya.sanagapati@in.ibm.com\" ,\"ROUTER_LINK\":\"ManageActiveTransitionsComponent\" ,\"IP_ADDRESS\":\"::1\" ,\"TIME_STAMP\":\"12:02:32 PM\" ,\"DAY\":\"17-7-2020\" }","level":"info"}
{"message":"##################### NEW FUNCTIONALITY STARTED ###################### ","level":"info"}
{"message":"{\"FUNC_NAME\":\"New Transition\" ,\"USER_NAME\": \"SAHITYA%20SANAGAPATI\" ,\"USER_ID\": \"4\" ,\"USER_EMAIL\": \"sahitya.sanagapati@in.ibm.com\" ,\"ROUTER_LINK\":\"NewExecutionComponent\" ,\"IP_ADDRESS\":\"::1\" ,\"TIME_STAMP\":\"12:02:35 PM\" ,\"DAY\":\"17-7-2020\" }","level":"info"}
{"message":"##################### NEW FUNCTIONALITY STARTED ###################### ","level":"info"}
{"message":"{\"FUNC_NAME\":\"ManageActiveTransitions\" ,\"USER_NAME\": \"SAHITYA%20SANAGAPATI\" ,\"USER_ID\": \"4\" ,\"USER_EMAIL\": \"sahitya.sanagapati@in.ibm.com\" ,\"ROUTER_LINK\":\"ManageActiveTransitionsComponent\" ,\"IP_ADDRESS\":\"::1\" ,\"TIME_STAMP\":\"12:02:49 PM\" ,\"DAY\":\"17-7-2020\" }","level":"info"}
{"message":"##################### NEW FUNCTIONALITY STARTED ###################### ","level":"info"}
{"message":"{\"FUNC_NAME\":\"All Transition Accounts\" ,\"USER_NAME\": \"SAHITYA%20SANAGAPATI\" ,\"USER_ID\": \"4\" ,\"USER_EMAIL\": \"sahitya.sanagapati@in.ibm.com\" ,\"ROUTER_LINK\":\"AllTransitionAccountsComponent\" ,\"IP_ADDRESS\":\"::1\" ,\"TIME_STAMP\":\"12:03:35 PM\" ,\"DAY\":\"17-7-2020\" }","level":"info"}
{"message":"##################### NEW FUNCTIONALITY STARTED ###################### ","level":"info"}
{"message":"{\"FUNC_NAME\":\"ManageActiveTransitions\" ,\"USER_NAME\": \"SAHITYA%20SANAGAPATI\" ,\"USER_ID\": \"4\" ,\"USER_EMAIL\": \"sahitya.sanagapati@in.ibm.com\" ,\"ROUTER_LINK\":\"ManageActiveTransitionsComponent\" ,\"IP_ADDRESS\":\"::1\" ,\"TIME_STAMP\":\"12:03:37 PM\" ,\"DAY\":\"17-7-2020\" }","level":"info"}
{"message":"/tnt/userAccessData/sahitya.sanagapati@in.ibm.com","level":"info"}
{"message":"/tnt/userFunctionalityList/sahitya.sanagapati@in.ibm.com","level":"info"}
{"message":"/tnt/userTransitionAccessList/sahitya.sanagapati@in.ibm.com","level":"info"}
{"message":"##################### NEW FUNCTIONALITY STARTED ###################### ","level":"info"}
{"message":"{\"FUNC_NAME\":\"consentScreen\" ,\"USER_NAME\": \"SAHITYA%20SANAGAPATI\" ,\"USER_ID\": \"4\" ,\"USER_EMAIL\": \"sahitya.sanagapati@in.ibm.com\" ,\"ROUTER_LINK\":\"ConsentFormComponent\" ,\"IP_ADDRESS\":\"::1\" ,\"TIME_STAMP\":\"12:05:27 PM\" ,\"DAY\":\"17-7-2020\" }","level":"info"}
{"message":"##################### NEW FUNCTIONALITY STARTED ###################### ","level":"info"}
{"message":"{\"FUNC_NAME\":\"ManageActiveTransitions\" ,\"USER_NAME\": \"SAHITYA%20SANAGAPATI\" ,\"USER_ID\": \"4\" ,\"USER_EMAIL\": \"sahitya.sanagapati@in.ibm.com\" ,\"ROUTER_LINK\":\"ManageActiveTransitionsComponent\" ,\"IP_ADDRESS\":\"::1\" ,\"TIME_STAMP\":\"12:05:27 PM\" ,\"DAY\":\"17-7-2020\" }","level":"info"}
{"message":"##################### NEW FUNCTIONALITY STARTED ###################### ","level":"info"}
{"message":"{\"FUNC_NAME\":\"\" ,\"USER_NAME\": \"SAHITYA%20SANAGAPATI\" ,\"USER_ID\": \"4\" ,\"USER_EMAIL\": \"sahitya.sanagapati@in.ibm.com\" ,\"ROUTER_LINK\":\"Reports\" ,\"IP_ADDRESS\":\"::1\" ,\"TIME_STAMP\":\"12:05:29 PM\" ,\"DAY\":\"17-7-2020\" }","level":"info"}
{"message":"##################### NEW FUNCTIONALITY STARTED ###################### ","level":"info"}
{"message":"{\"FUNC_NAME\":\"New Transition\" ,\"USER_NAME\": \"SAHITYA%20SANAGAPATI\" ,\"USER_ID\": \"4\" ,\"USER_EMAIL\": \"sahitya.sanagapati@in.ibm.com\" ,\"ROUTER_LINK\":\"NewExecutionComponent\" ,\"IP_ADDRESS\":\"::1\" ,\"TIME_STAMP\":\"12:05:30 PM\" ,\"DAY\":\"17-7-2020\" }","level":"info"}
{"message":"##################### NEW FUNCTIONALITY STARTED ###################### ","level":"info"}
{"message":"{\"FUNC_NAME\":\"All Transition Accounts\" ,\"USER_NAME\": \"SAHITYA%20SANAGAPATI\" ,\"USER_ID\": \"4\" ,\"USER_EMAIL\": \"sahitya.sanagapati@in.ibm.com\" ,\"ROUTER_LINK\":\"AllTransitionAccountsComponent\" ,\"IP_ADDRESS\":\"::1\" ,\"TIME_STAMP\":\"12:05:35 PM\" ,\"DAY\":\"17-7-2020\" }","level":"info"}
{"message":"##################### NEW FUNCTIONALITY STARTED ###################### ","level":"info"}
{"message":"{\"FUNC_NAME\":\"ManageActiveTransitions\" ,\"USER_NAME\": \"SAHITYA%20SANAGAPATI\" ,\"USER_ID\": \"4\" ,\"USER_EMAIL\": \"sahitya.sanagapati@in.ibm.com\" ,\"ROUTER_LINK\":\"ManageActiveTransitionsComponent\" ,\"IP_ADDRESS\":\"::1\" ,\"TIME_STAMP\":\"12:06:11 PM\" ,\"DAY\":\"17-7-2020\" }","level":"info"}
{"message":"##################### NEW FUNCTIONALITY STARTED ###################### ","level":"info"}
{"message":"{\"FUNC_NAME\":\"All Transition Accounts\" ,\"USER_NAME\": \"SAHITYA%20SANAGAPATI\" ,\"USER_ID\": \"4\" ,\"USER_EMAIL\": \"sahitya.sanagapati@in.ibm.com\" ,\"ROUTER_LINK\":\"AllTransitionAccountsComponent\" ,\"IP_ADDRESS\":\"::1\" ,\"TIME_STAMP\":\"12:06:22 PM\" ,\"DAY\":\"17-7-2020\" }","level":"info"}
{"message":"##################### NEW FUNCTIONALITY STARTED ###################### ","level":"info"}
{"message":"{\"FUNC_NAME\":\"New Transition\" ,\"USER_NAME\": \"SAHITYA%20SANAGAPATI\" ,\"USER_ID\": \"4\" ,\"USER_EMAIL\": \"sahitya.sanagapati@in.ibm.com\" ,\"ROUTER_LINK\":\"NewExecutionComponent\" ,\"IP_ADDRESS\":\"::1\" ,\"TIME_STAMP\":\"12:07:53 PM\" ,\"DAY\":\"17-7-2020\" }","level":"info"}
{"message":"/tnt/userAccessData/sahitya.sanagapati@in.ibm.com","level":"info"}
{"message":"/tnt/userFunctionalityList/sahitya.sanagapati@in.ibm.com","level":"info"}
{"message":"/tnt/userTransitionAccessList/sahitya.sanagapati@in.ibm.com","level":"info"}
{"message":"##################### NEW FUNCTIONALITY STARTED ###################### ","level":"info"}
{"message":"{\"FUNC_NAME\":\"consentScreen\" ,\"USER_NAME\": \"SAHITYA%20SANAGAPATI\" ,\"USER_ID\": \"4\" ,\"USER_EMAIL\": \"sahitya.sanagapati@in.ibm.com\" ,\"ROUTER_LINK\":\"ConsentFormComponent\" ,\"IP_ADDRESS\":\"::1\" ,\"TIME_STAMP\":\"12:09:42 PM\" ,\"DAY\":\"17-7-2020\" }","level":"info"}
{"message":"##################### NEW FUNCTIONALITY STARTED ###################### ","level":"info"}
{"message":"{\"FUNC_NAME\":\"ManageActiveTransitions\" ,\"USER_NAME\": \"SAHITYA%20SANAGAPATI\" ,\"USER_ID\": \"4\" ,\"USER_EMAIL\": \"sahitya.sanagapati@in.ibm.com\" ,\"ROUTER_LINK\":\"ManageActiveTransitionsComponent\" ,\"IP_ADDRESS\":\"::1\" ,\"TIME_STAMP\":\"12:09:43 PM\" ,\"DAY\":\"17-7-2020\" }","level":"info"}
{"message":"/tnt/userAccessData/sahitya.sanagapati@in.ibm.com","level":"info"}
{"message":"/tnt/userFunctionalityList/sahitya.sanagapati@in.ibm.com","level":"info"}
{"message":"/tnt/userTransitionAccessList/sahitya.sanagapati@in.ibm.com","level":"info"}
{"message":"##################### NEW FUNCTIONALITY STARTED ###################### ","level":"info"}
{"message":"{\"FUNC_NAME\":\"consentScreen\" ,\"USER_NAME\": \"SAHITYA%20SANAGAPATI\" ,\"USER_ID\": \"4\" ,\"USER_EMAIL\": \"sahitya.sanagapati@in.ibm.com\" ,\"ROUTER_LINK\":\"ConsentFormComponent\" ,\"IP_ADDRESS\":\"::1\" ,\"TIME_STAMP\":\"12:11:16 PM\" ,\"DAY\":\"17-7-2020\" }","level":"info"}
{"message":"##################### NEW FUNCTIONALITY STARTED ###################### ","level":"info"}
{"message":"{\"FUNC_NAME\":\"ManageActiveTransitions\" ,\"USER_NAME\": \"SAHITYA%20SANAGAPATI\" ,\"USER_ID\": \"4\" ,\"USER_EMAIL\": \"sahitya.sanagapati@in.ibm.com\" ,\"ROUTER_LINK\":\"ManageActiveTransitionsComponent\" ,\"IP_ADDRESS\":\"::1\" ,\"TIME_STAMP\":\"12:11:25 PM\" ,\"DAY\":\"17-7-2020\" }","level":"info"}
{"message":"##################### NEW FUNCTIONALITY STARTED ###################### ","level":"info"}
{"message":"{\"FUNC_NAME\":\"All Transition Accounts\" ,\"USER_NAME\": \"SAHITYA%20SANAGAPATI\" ,\"USER_ID\": \"4\" ,\"USER_EMAIL\": \"sahitya.sanagapati@in.ibm.com\" ,\"ROUTER_LINK\":\"AllTransitionAccountsComponent\" ,\"IP_ADDRESS\":\"::1\" ,\"TIME_STAMP\":\"12:11:28 PM\" ,\"DAY\":\"17-7-2020\" }","level":"info"}
{"message":"##################### NEW FUNCTIONALITY STARTED ###################### ","level":"info"}
{"message":"{\"FUNC_NAME\":\"New Transition\" ,\"USER_NAME\": \"SAHITYA%20SANAGAPATI\" ,\"USER_ID\": \"4\" ,\"USER_EMAIL\": \"sahitya.sanagapati@in.ibm.com\" ,\"ROUTER_LINK\":\"NewExecutionComponent\" ,\"IP_ADDRESS\":\"::1\" ,\"TIME_STAMP\":\"12:11:32 PM\" ,\"DAY\":\"17-7-2020\" }","level":"info"}
{"message":"##################### NEW FUNCTIONALITY STARTED ###################### ","level":"info"}
{"message":"{\"FUNC_NAME\":\"ManageActiveTransitions\" ,\"USER_NAME\": \"SAHITYA%20SANAGAPATI\" ,\"USER_ID\": \"4\" ,\"USER_EMAIL\": \"sahitya.sanagapati@in.ibm.com\" ,\"ROUTER_LINK\":\"ManageActiveTransitionsComponent\" ,\"IP_ADDRESS\":\"::1\" ,\"TIME_STAMP\":\"12:11:38 PM\" ,\"DAY\":\"17-7-2020\" }","level":"info"}
{"message":"##################### NEW FUNCTIONALITY STARTED ###################### ","level":"info"}
{"message":"{\"FUNC_NAME\":\"Transition Main\" ,\"USER_NAME\": \"SAHITYA%20SANAGAPATI\" ,\"USER_ID\": \"4\" ,\"USER_EMAIL\": \"sahitya.sanagapati@in.ibm.com\" ,\"ROUTER_LINK\":\"/transition-Main\" ,\"IP_ADDRESS\":\"::1\" ,\"TIME_STAMP\":\"12:21:38 PM\" ,\"DAY\":\"17-7-2020\" }","level":"info"}
{"message":"##################### NEW FUNCTIONALITY STARTED ###################### ","level":"info"}
{"message":"{\"FUNC_NAME\":\"Seven Key\" ,\"USER_NAME\": \"SAHITYA%20SANAGAPATI\" ,\"USER_ID\": \"4\" ,\"USER_EMAIL\": \"sahitya.sanagapati@in.ibm.com\" ,\"ROUTER_LINK\":\"/transition-Main/seven-key\" ,\"IP_ADDRESS\":\"::1\" ,\"TIME_STAMP\":\"12:21:41 PM\" ,\"DAY\":\"17-7-2020\" }","level":"info"}
{"message":"##################### NEW FUNCTIONALITY STARTED ###################### ","level":"info"}
{"message":"{\"FUNC_NAME\":\"\" ,\"USER_NAME\": \"SAHITYA%20SANAGAPATI\" ,\"USER_ID\": \"4\" ,\"USER_EMAIL\": \"sahitya.sanagapati@in.ibm.com\" ,\"ROUTER_LINK\":\"Reports\" ,\"IP_ADDRESS\":\"::1\" ,\"TIME_STAMP\":\"12:34:33 PM\" ,\"DAY\":\"17-7-2020\" }","level":"info"}
