{"message":"/tnt/userAccessData/sahitya.sanagapati@in.ibm.com","level":"info"}
{"message":"/tnt/userTransitionAccessList/sahitya.sanagapati@in.ibm.com","level":"info"}
{"message":"/tnt/userFunctionalityList/sahitya.sanagapati@in.ibm.com","level":"info"}
{"message":"##################### NEW FUNCTIONALITY STARTED ###################### ","level":"info"}
{"message":"{\"FUNC_NAME\":\"consentScreen\" ,\"USER_NAME\": \"SAHITYA%20SANAGAPATI\" ,\"USER_ID\": \"4\" ,\"USER_EMAIL\": \"sahitya.sanagapati@in.ibm.com\" ,\"ROUTER_LINK\":\"ConsentFormComponent\" ,\"IP_ADDRESS\":\"::1\" ,\"TIME_STAMP\":\"9:16:49 AM\" ,\"DAY\":\"18-7-2020\" }","level":"info"}
{"message":"##################### NEW FUNCTIONALITY STARTED ###################### ","level":"info"}
{"message":"{\"FUNC_NAME\":\"ManageActiveTransitions\" ,\"USER_NAME\": \"SAHITYA%20SANAGAPATI\" ,\"USER_ID\": \"4\" ,\"USER_EMAIL\": \"sahitya.sanagapati@in.ibm.com\" ,\"ROUTER_LINK\":\"ManageActiveTransitionsComponent\" ,\"IP_ADDRESS\":\"::1\" ,\"TIME_STAMP\":\"9:18:26 AM\" ,\"DAY\":\"18-7-2020\" }","level":"info"}
{"message":"##################### NEW FUNCTIONALITY STARTED ###################### ","level":"info"}
{"message":"{\"FUNC_NAME\":\"Transition Main\" ,\"USER_NAME\": \"SAHITYA%20SANAGAPATI\" ,\"USER_ID\": \"4\" ,\"USER_EMAIL\": \"sahitya.sanagapati@in.ibm.com\" ,\"ROUTER_LINK\":\"/transition-Main\" ,\"IP_ADDRESS\":\"::1\" ,\"TIME_STAMP\":\"9:19:08 AM\" ,\"DAY\":\"18-7-2020\" }","level":"info"}
{"message":"##################### NEW FUNCTIONALITY STARTED ###################### ","level":"info"}
{"message":"{\"FUNC_NAME\":\"TransitionTeam\" ,\"USER_NAME\": \"SAHITYA%20SANAGAPATI\" ,\"USER_ID\": \"4\" ,\"USER_EMAIL\": \"sahitya.sanagapati@in.ibm.com\" ,\"ROUTER_LINK\":\"/transition-Main/TransitionTeam\" ,\"IP_ADDRESS\":\"::1\" ,\"TIME_STAMP\":\"9:19:11 AM\" ,\"DAY\":\"18-7-2020\" }","level":"info"}
{"message":"##################### NEW FUNCTIONALITY STARTED ###################### ","level":"info"}
{"message":"{\"FUNC_NAME\":\"Seven Key\" ,\"USER_NAME\": \"SAHITYA%20SANAGAPATI\" ,\"USER_ID\": \"4\" ,\"USER_EMAIL\": \"sahitya.sanagapati@in.ibm.com\" ,\"ROUTER_LINK\":\"/transition-Main/seven-key\" ,\"IP_ADDRESS\":\"::1\" ,\"TIME_STAMP\":\"9:27:25 AM\" ,\"DAY\":\"18-7-2020\" }","level":"info"}
{"message":"##################### NEW FUNCTIONALITY STARTED ###################### ","level":"info"}
{"message":"{\"FUNC_NAME\":\"\" ,\"USER_NAME\": \"SAHITYA%20SANAGAPATI\" ,\"USER_ID\": \"4\" ,\"USER_EMAIL\": \"sahitya.sanagapati@in.ibm.com\" ,\"ROUTER_LINK\":\"Reports\" ,\"IP_ADDRESS\":\"::1\" ,\"TIME_STAMP\":\"9:27:55 AM\" ,\"DAY\":\"18-7-2020\" }","level":"info"}
{"message":"##################### NEW FUNCTIONALITY STARTED ###################### ","level":"info"}
{"message":"{\"FUNC_NAME\":\"ManageActiveTransitions\" ,\"USER_NAME\": \"SAHITYA%20SANAGAPATI\" ,\"USER_ID\": \"4\" ,\"USER_EMAIL\": \"sahitya.sanagapati@in.ibm.com\" ,\"ROUTER_LINK\":\"ManageActiveTransitionsComponent\" ,\"IP_ADDRESS\":\"::1\" ,\"TIME_STAMP\":\"9:28:20 AM\" ,\"DAY\":\"18-7-2020\" }","level":"info"}
{"message":"##################### NEW FUNCTIONALITY STARTED ###################### ","level":"info"}
{"message":"{\"FUNC_NAME\":\"Transition Main\" ,\"USER_NAME\": \"SAHITYA%20SANAGAPATI\" ,\"USER_ID\": \"4\" ,\"USER_EMAIL\": \"sahitya.sanagapati@in.ibm.com\" ,\"ROUTER_LINK\":\"/transition-Main\" ,\"IP_ADDRESS\":\"::1\" ,\"TIME_STAMP\":\"9:28:24 AM\" ,\"DAY\":\"18-7-2020\" }","level":"info"}
{"message":"##################### NEW FUNCTIONALITY STARTED ###################### ","level":"info"}
{"message":"{\"FUNC_NAME\":\"Seven Key\" ,\"USER_NAME\": \"SAHITYA%20SANAGAPATI\" ,\"USER_ID\": \"4\" ,\"USER_EMAIL\": \"sahitya.sanagapati@in.ibm.com\" ,\"ROUTER_LINK\":\"/transition-Main/seven-key\" ,\"IP_ADDRESS\":\"::1\" ,\"TIME_STAMP\":\"9:33:06 AM\" ,\"DAY\":\"18-7-2020\" }","level":"info"}
